/Applications/CLion.app/Contents/bin/cmake/mac/bin/cmake -DCMAKE_BUILD_TYPE=Debug -G "CodeBlocks - Unix Makefiles" /Users/wuqiquan/CLionProjects/C++作业/Library
CMake Warning at /Applications/CLion.app/Contents/bin/cmake/mac/share/cmake-3.17/Modules/Platform/Darwin-Initialize.cmake:286 (message):
  Ignoring CMAKE_OSX_SYSROOT value:

   /Library/Developer/CommandLineTools/SDKs/MacOSX11.0.sdk

  because the directory does not exist.
Call Stack (most recent call first):
  /Applications/CLion.app/Contents/bin/cmake/mac/share/cmake-3.17/Modules/CMakeSystemSpecificInitialize.cmake:21 (include)
  CMakeLists.txt:2 (project)


-- The C compiler identification is AppleClang 12.0.0.12000032
-- The CXX compiler identification is AppleClang 12.0.0.12000032
-- Check for working C compiler: /Library/Developer/CommandLineTools/usr/bin/cc
-- Check for working C compiler: /Library/Developer/CommandLineTools/usr/bin/cc - broken
CMake Error at /Applications/CLion.app/Contents/bin/cmake/mac/share/cmake-3.17/Modules/CMakeTestCCompiler.cmake:60 (message):
  The C compiler

    "/Library/Developer/CommandLineTools/usr/bin/cc"

  is not able to compile a simple test program.

  It fails with the following output:

    Change Dir: /Users/wuqiquan/CLionProjects/C++作业/Library/cmake-build-debug/CMakeFiles/CMakeTmp
    
    Run Build Command(s):/usr/bin/make cmTC_5c8a2/fast && /Library/Developer/CommandLineTools/usr/bin/make  -f CMakeFiles/cmTC_5c8a2.dir/build.make CMakeFiles/cmTC_5c8a2.dir/build
    Building C object CMakeFiles/cmTC_5c8a2.dir/testCCompiler.c.o
    /Library/Developer/CommandLineTools/usr/bin/cc   -mmacosx-version-min=10.16   -o CMakeFiles/cmTC_5c8a2.dir/testCCompiler.c.o   -c /Users/wuqiquan/CLionProjects/C++作业/Library/cmake-build-debug/CMakeFiles/CMakeTmp/testCCompiler.c
    Linking C executable cmTC_5c8a2
    /Applications/CLion.app/Contents/bin/cmake/mac/bin/cmake -E cmake_link_script CMakeFiles/cmTC_5c8a2.dir/link.txt --verbose=1
    /Library/Developer/CommandLineTools/usr/bin/cc   -mmacosx-version-min=10.16 -Wl,-search_paths_first -Wl,-headerpad_max_install_names   CMakeFiles/cmTC_5c8a2.dir/testCCompiler.c.o  -o cmTC_5c8a2 
    ld: library not found for -lSystem
    clang: error: linker command failed with exit code 1 (use -v to see invocation)
    make[1]: *** [cmTC_5c8a2] Error 1
    make: *** [cmTC_5c8a2/fast] Error 2
    
    

  

  CMake will not be able to correctly generate this project.
Call Stack (most recent call first):
  CMakeLists.txt:2 (project)


-- Configuring incomplete, errors occurred!
See also "/Users/wuqiquan/CLionProjects/C++作业/Library/cmake-build-debug/CMakeFiles/CMakeOutput.log".
See also "/Users/wuqiquan/CLionProjects/C++作业/Library/cmake-build-debug/CMakeFiles/CMakeError.log".
